14:01:03 **** Build of project hello_world_bsp ****
make -k all 
libgen -hw ../basic_system_hw_platform/system.xml\
	       -lp C:/materija/RA113-2013/LPRS2/lab5 -lp D:/work/lprs2/2013_2014/Resene_vezbe/lab56/basic_system\
	       -pe microblaze_0 \
	       -log libgen.log \
	       system.mss
libgen
Xilinx EDK 14.6 Build EDK_P.68d
Copyright (c) 1995-2012 Xilinx, Inc.  All rights reserved.

Command Line: libgen -hw ../basic_system_hw_platform/system.xml -lp
C:/materija/RA113-2013/LPRS2/lab5 -lp
D:/work/lprs2/2013_2014/Resene_vezbe/lab56/basic_system -pe microblaze_0 -log
libgen.log system.mss 


Staging source files.
Running DRCs.
Running generate.
Running post_generate.
Running include - 'make -s include "COMPILER=mb-gcc" "ARCHIVER=mb-ar"
"COMPILER_FLAGS=-mlittle-endian -mno-xl-soft-mul -mxl-barrel-shift
-mxl-pattern-compare -mcpu=v8.50.b  -O2 -c" "EXTRA_COMPILER_FLAGS=-g
-ffunction-sections -fdata-sections"'.

Running libs - 'make -s libs "COMPILER=mb-gcc" "ARCHIVER=mb-ar"
"COMPILER_FLAGS=-mlittle-endian -mno-xl-soft-mul -mxl-barrel-shift
-mxl-pattern-compare -mcpu=v8.50.b  -O2 -c" "EXTRA_COMPILER_FLAGS=-g
-ffunction-sections -fdata-sections"'.
Compiling common
Compiling standalone
Compiling uartlite
Compiling bram
Compiling my_peripheral
Compiling vga_periph_mem
vga_periph_mem.c:59:6: error: conflicting types for 'print_char'
vga_periph_mem.h:79:6: note: previous declaration of 'print_char' was here
make[1]: *** [libs] Greška 1
Compiling cpu
ERROR:EDK:369 -  make failed for target "libs" 
ERROR:EDK:3418 - Error(s) while running make.
make: *** [microblaze_0/lib/libxil.a] Greška 2
make: Meta `all' nije ponovo izraðen zbog grešaka.

14:01:09 Build Finished (took 6s.114ms)

